<?xml version="1.0" encoding="UTF-8"?>
<!-- Generated by org.testng.reporters.JUnitXMLReporter -->
<testsuite hostname="LCE23511" ignored="0" name="Test" tests="3" failures="0" timestamp="25 Apr 2019 18:11:05 GMT" time="46.109" errors="0">
  <testcase name="LoginTFW" time="11.002" classname="TFW_Test.Login_TFW"/>
  <testcase name="Reporting" time="11.51" classname="TFW_Test.Reporting"/>
  <testcase name="LoginTFW" time="11.53" classname="TFW_Test.Display_Importeurs"/>
</testsuite> <!-- Test -->
