<?xml version="1.0" encoding="UTF-8"?>
<testng-results total="3" passed="3" failed="0" skipped="0">
  <reporter-output>
  </reporter-output>
  <suite started-at="2019-04-26T09:46:18Z" name="Suite" finished-at="2019-04-26T09:46:55Z" duration-ms="36506">
    <groups>
    </groups>
    <test started-at="2019-04-26T09:46:18Z" name="TFW_Test.Login_TFW" finished-at="2019-04-26T09:46:23Z" duration-ms="4944">
      <class name="TFW_Test.Login_TFW">
        <test-method is-config="true" signature="initialize()[pri:0, instance:TFW_Test.Login_TFW@732f29af]" started-at="2019-04-26T12:46:18Z" name="initialize" finished-at="2019-04-26T12:46:23Z" duration-ms="4284" status="PASS">
          <reporter-output>
          </reporter-output>
        </test-method> <!-- initialize -->
        <test-method signature="LoginTFW(java.lang.String, java.lang.String)[pri:0, instance:TFW_Test.Login_TFW@732f29af]" started-at="2019-04-26T12:46:23Z" name="LoginTFW" data-provider="getData" finished-at="2019-04-26T12:46:23Z" duration-ms="473" status="PASS">
          <params>
            <param index="0">
              <value>
                <![CDATA[qxv5565]]>
              </value>
            </param>
            <param index="1">
              <value>
                <![CDATA[edcrfv13]]>
              </value>
            </param>
          </params>
          <reporter-output>
          </reporter-output>
        </test-method> <!-- LoginTFW -->
        <test-method is-config="true" signature="teardown()[pri:0, instance:TFW_Test.Login_TFW@732f29af]" started-at="2019-04-26T12:46:23Z" name="teardown" finished-at="2019-04-26T12:46:23Z" duration-ms="172" status="PASS">
          <reporter-output>
          </reporter-output>
        </test-method> <!-- teardown -->
      </class> <!-- TFW_Test.Login_TFW -->
    </test> <!-- TFW_Test.Login_TFW -->
    <test started-at="2019-04-26T09:46:23Z" name="TFW_Test.Reporting" finished-at="2019-04-26T09:46:38Z" duration-ms="15003">
      <class name="TFW_Test.Reporting">
        <test-method is-config="true" signature="initialize()[pri:0, instance:TFW_Test.Reporting@37052337]" started-at="2019-04-26T12:46:23Z" name="initialize" finished-at="2019-04-26T12:46:27Z" duration-ms="3396" status="PASS">
          <reporter-output>
          </reporter-output>
        </test-method> <!-- initialize -->
        <test-method signature="Reporting(java.lang.String, java.lang.String)[pri:0, instance:TFW_Test.Reporting@37052337]" started-at="2019-04-26T12:46:27Z" name="Reporting" data-provider="getData" finished-at="2019-04-26T12:46:38Z" duration-ms="11535" status="PASS">
          <params>
            <param index="0">
              <value>
                <![CDATA[qxv5565]]>
              </value>
            </param>
            <param index="1">
              <value>
                <![CDATA[edcrfv13]]>
              </value>
            </param>
          </params>
          <reporter-output>
          </reporter-output>
        </test-method> <!-- Reporting -->
        <test-method is-config="true" signature="teardown()[pri:0, instance:TFW_Test.Reporting@37052337]" started-at="2019-04-26T12:46:38Z" name="teardown" finished-at="2019-04-26T12:46:38Z" duration-ms="72" status="PASS">
          <reporter-output>
          </reporter-output>
        </test-method> <!-- teardown -->
      </class> <!-- TFW_Test.Reporting -->
    </test> <!-- TFW_Test.Reporting -->
    <test started-at="2019-04-26T09:46:38Z" name="TFW_Test.Display_Importeurs" finished-at="2019-04-26T09:46:55Z" duration-ms="16501">
      <class name="TFW_Test.Display_Importeurs">
        <test-method is-config="true" signature="initialize()[pri:0, instance:TFW_Test.Display_Importeurs@616fe72b]" started-at="2019-04-26T12:46:38Z" name="initialize" finished-at="2019-04-26T12:46:42Z" duration-ms="3515" status="PASS">
          <reporter-output>
          </reporter-output>
        </test-method> <!-- initialize -->
        <test-method signature="LoginTFW(java.lang.String, java.lang.String)[pri:0, instance:TFW_Test.Display_Importeurs@616fe72b]" started-at="2019-04-26T12:46:42Z" name="LoginTFW" data-provider="getData" finished-at="2019-04-26T12:46:55Z" duration-ms="12577" status="PASS">
          <params>
            <param index="0">
              <value>
                <![CDATA[qxv5565]]>
              </value>
            </param>
            <param index="1">
              <value>
                <![CDATA[edcrfv13]]>
              </value>
            </param>
          </params>
          <reporter-output>
          </reporter-output>
        </test-method> <!-- LoginTFW -->
        <test-method is-config="true" signature="teardown()[pri:0, instance:TFW_Test.Display_Importeurs@616fe72b]" started-at="2019-04-26T12:46:55Z" name="teardown" finished-at="2019-04-26T12:46:55Z" duration-ms="408" status="PASS">
          <reporter-output>
          </reporter-output>
        </test-method> <!-- teardown -->
      </class> <!-- TFW_Test.Display_Importeurs -->
    </test> <!-- TFW_Test.Display_Importeurs -->
  </suite> <!-- Suite -->
</testng-results>
